# JRE version: OpenJDK Runtime Environment (15.0.1+9) (build 15.0.1+9-18)
# Java VM: OpenJDK 64-Bit Server VM (15.0.1+9-18, mixed mode, tiered, compressed oops, g1 gc, windows-amd64)
GC Precious Log:
 CPUs: 16 total, 16 available
 Memory: 15741M
 Large Page Support: Disabled
 NUMA Support: Disabled
 Compressed Oops: Enabled (Zero based)
 Heap Region Size: 2M
 Heap Min Capacity: 8M
 Heap Initial Capacity: 246M
 Heap Max Capacity: 3936M
 Pre-touch: Disabled
 Parallel Workers: 13
 Concurrent Workers: 3
 Concurrent Refinement Workers: 13
 Periodic GC: Disabled
Heap:
 garbage-first heap   total 26624K, used 10347K [0x000000070a000000, 0x0000000800000000)
  region size 2048K, 5 young (10240K), 1 survivors (2048K)
 Metaspace       used 23712K, capacity 23925K, committed 24064K, reserved 1071104K
  class space    used 2382K, capacity 2464K, committed 2560K, reserved 1048576K
GC Heap History (8 events):
Event: 5.026 GC heap before
{Heap before GC invocations=0 (full 0):
 garbage-first heap   total 251904K, used 14336K [0x000000070a000000, 0x0000000800000000)
  region size 2048K, 8 young (16384K), 0 survivors (0K)
 Metaspace       used 21020K, capacity 21227K, committed 21248K, reserved 1069056K
  class space    used 2220K, capacity 2294K, committed 2304K, reserved 1048576K
}
Event: 5.030 GC heap after
{Heap after GC invocations=1 (full 0):
 garbage-first heap   total 251904K, used 3630K [0x000000070a000000, 0x0000000800000000)
  region size 2048K, 2 young (4096K), 2 survivors (4096K)
 Metaspace       used 21020K, capacity 21227K, committed 21248K, reserved 1069056K
  class space    used 2220K, capacity 2294K, committed 2304K, reserved 1048576K
}
Event: 33.709 GC heap before
{Heap before GC invocations=2 (full 0):
 garbage-first heap   total 20480K, used 20014K [0x000000070a000000, 0x0000000800000000)
  region size 2048K, 10 young (20480K), 2 survivors (4096K)
 Metaspace       used 23270K, capacity 23474K, committed 23808K, reserved 1071104K
  class space    used 2381K, capacity 2463K, committed 2560K, reserved 1048576K
}
Event: 33.713 GC heap after
{Heap after GC invocations=3 (full 0):
 garbage-first heap   total 26624K, used 4455K [0x000000070a000000, 0x0000000800000000)
  region size 2048K, 1 young (2048K), 1 survivors (2048K)
 Metaspace       used 23270K, capacity 23474K, committed 23808K, reserved 1071104K
  class space    used 2381K, capacity 2463K, committed 2560K, reserved 1048576K
}
Event: 46.706 GC heap before
{Heap before GC invocations=3 (full 0):
 garbage-first heap   total 26624K, used 12647K [0x000000070a000000, 0x0000000800000000)
  region size 2048K, 5 young (10240K), 1 survivors (2048K)
 Metaspace       used 23540K, capacity 23797K, committed 24064K, reserved 1071104K
  class space    used 2382K, capacity 2464K, committed 2560K, reserved 1048576K
}
Event: 46.707 GC heap after
{Heap after GC invocations=4 (full 0):
 garbage-first heap   total 26624K, used 4285K [0x000000070a000000, 0x0000000800000000)
  region size 2048K, 1 young (2048K), 1 survivors (2048K)
 Metaspace       used 23540K, capacity 23797K, committed 24064K, reserved 1071104K
  class space    used 2382K, capacity 2464K, committed 2560K, reserved 1048576K
}
Event: 64.891 GC heap before
{Heap before GC invocations=4 (full 0):
 garbage-first heap   total 26624K, used 14525K [0x000000070a000000, 0x0000000800000000)
  region size 2048K, 6 young (12288K), 1 survivors (2048K)
 Metaspace       used 23655K, capacity 23925K, committed 24064K, reserved 1071104K
  class space    used 2382K, capacity 2464K, committed 2560K, reserved 1048576K
}
Event: 64.891 GC heap after
{Heap after GC invocations=5 (full 0):
 garbage-first heap   total 26624K, used 4203K [0x000000070a000000, 0x0000000800000000)
  region size 2048K, 1 young (2048K), 1 survivors (2048K)
 Metaspace       used 23655K, capacity 23925K, committed 24064K, reserved 1071104K
  class space    used 2382K, capacity 2464K, committed 2560K, reserved 1048576K
}

